[2025-11-30 17:08:21 DBG] An 'IServiceProvider' was created for internal use by Entity Framework.
[2025-11-30 17:08:22 DBG] Entity Framework Core 9.0.10 initialized 'AppDbContext' using provider 'Npgsql.EntityFrameworkCore.PostgreSQL:9.0.4+fd2380957bee5cd86f336466af36b08c0163f1a5' with options: None
[2025-11-30 17:08:22 DBG] Creating DbConnection.
[2025-11-30 17:08:22 DBG] Created DbConnection. (71ms).
[2025-11-30 17:08:22 DBG] Opening connection to database 'neondb' on server 'tcp://ep-twilight-bread-a1papg93-pooler.ap-southeast-1.aws.neon.tech:5432'.
[2025-11-30 17:08:23 DBG] Opened connection to database 'neondb' on server 'tcp://ep-twilight-bread-a1papg93-pooler.ap-southeast-1.aws.neon.tech:5432'.
[2025-11-30 17:08:23 DBG] Creating DbCommand for 'ExecuteReader'.
[2025-11-30 17:08:23 DBG] Created DbCommand for 'ExecuteReader' (15ms).
[2025-11-30 17:08:23 DBG] Initialized DbCommand for 'ExecuteReader' (29ms).
[2025-11-30 17:08:23 DBG] Executing DbCommand [Parameters=[], CommandType='"Text"', CommandTimeout='30']
SELECT "MigrationId", "ProductVersion"
FROM "__EFMigrationsHistory"
ORDER BY "MigrationId";
[2025-11-30 17:08:23 INF] Executed DbCommand (107ms) [Parameters=[], CommandType='"Text"', CommandTimeout='30']
SELECT "MigrationId", "ProductVersion"
FROM "__EFMigrationsHistory"
ORDER BY "MigrationId";
[2025-11-30 17:08:23 DBG] Closing data reader to 'neondb' on server 'tcp://ep-twilight-bread-a1papg93-pooler.ap-southeast-1.aws.neon.tech:5432'.
[2025-11-30 17:08:23 DBG] A data reader for 'neondb' on server 'tcp://ep-twilight-bread-a1papg93-pooler.ap-southeast-1.aws.neon.tech:5432' is being disposed after spending 46ms reading results.
[2025-11-30 17:08:23 DBG] Closing connection to database 'neondb' on server 'tcp://ep-twilight-bread-a1papg93-pooler.ap-southeast-1.aws.neon.tech:5432'.
[2025-11-30 17:08:23 DBG] Closed connection to database 'neondb' on server 'tcp://ep-twilight-bread-a1papg93-pooler.ap-southeast-1.aws.neon.tech:5432' (7ms).
[2025-11-30 17:08:24 DBG] Migrating using database 'neondb' on server 'tcp://ep-twilight-bread-a1papg93-pooler.ap-southeast-1.aws.neon.tech:5432'.
[2025-11-30 17:08:24 DBG] Opening connection to database 'neondb' on server 'tcp://ep-twilight-bread-a1papg93-pooler.ap-southeast-1.aws.neon.tech:5432'.
[2025-11-30 17:08:24 DBG] Opening connection to database 'neondb' on server 'tcp://ep-twilight-bread-a1papg93-pooler.ap-southeast-1.aws.neon.tech:5432'.
[2025-11-30 17:08:24 DBG] Opened connection to database 'neondb' on server 'tcp://ep-twilight-bread-a1papg93-pooler.ap-southeast-1.aws.neon.tech:5432'.
[2025-11-30 17:08:24 DBG] Closing connection to database 'neondb' on server 'tcp://ep-twilight-bread-a1papg93-pooler.ap-southeast-1.aws.neon.tech:5432'.
[2025-11-30 17:08:24 DBG] Closed connection to database 'neondb' on server 'tcp://ep-twilight-bread-a1papg93-pooler.ap-southeast-1.aws.neon.tech:5432' (19ms).
[2025-11-30 17:08:24 DBG] Opening connection to database 'neondb' on server 'tcp://ep-twilight-bread-a1papg93-pooler.ap-southeast-1.aws.neon.tech:5432'.
[2025-11-30 17:08:24 DBG] Opened connection to database 'neondb' on server 'tcp://ep-twilight-bread-a1papg93-pooler.ap-southeast-1.aws.neon.tech:5432'.
[2025-11-30 17:08:24 DBG] Creating DbCommand for 'ExecuteNonQuery'.
[2025-11-30 17:08:24 DBG] Created DbCommand for 'ExecuteNonQuery' (3ms).
[2025-11-30 17:08:24 DBG] Initialized DbCommand for 'ExecuteNonQuery' (7ms).
[2025-11-30 17:08:24 DBG] Executing DbCommand [Parameters=[], CommandType='"Text"', CommandTimeout='30']
CREATE TABLE IF NOT EXISTS "__EFMigrationsHistory" (
    "MigrationId" character varying(150) NOT NULL,
    "ProductVersion" character varying(32) NOT NULL,
    CONSTRAINT "PK___EFMigrationsHistory" PRIMARY KEY ("MigrationId")
);
[2025-11-30 17:08:25 INF] Executed DbCommand (69ms) [Parameters=[], CommandType='"Text"', CommandTimeout='30']
CREATE TABLE IF NOT EXISTS "__EFMigrationsHistory" (
    "MigrationId" character varying(150) NOT NULL,
    "ProductVersion" character varying(32) NOT NULL,
    CONSTRAINT "PK___EFMigrationsHistory" PRIMARY KEY ("MigrationId")
);
[2025-11-30 17:08:25 DBG] Beginning transaction with isolation level 'Unspecified'.
[2025-11-30 17:08:25 DBG] Began transaction with isolation level 'ReadCommitted'.
[2025-11-30 17:08:25 INF] Acquiring an exclusive lock for migration application. See https://aka.ms/efcore-docs-migrations-lock for more information if this takes too long.
[2025-11-30 17:08:25 DBG] Creating DbCommand for 'ExecuteNonQuery'.
[2025-11-30 17:08:25 DBG] Created DbCommand for 'ExecuteNonQuery' (3ms).
[2025-11-30 17:08:25 DBG] Initialized DbCommand for 'ExecuteNonQuery' (7ms).
[2025-11-30 17:08:25 DBG] Executing DbCommand [Parameters=[], CommandType='"Text"', CommandTimeout='30']
LOCK TABLE "__EFMigrationsHistory" IN ACCESS EXCLUSIVE MODE
[2025-11-30 17:08:25 INF] Executed DbCommand (59ms) [Parameters=[], CommandType='"Text"', CommandTimeout='30']
LOCK TABLE "__EFMigrationsHistory" IN ACCESS EXCLUSIVE MODE
[2025-11-30 17:08:25 DBG] Creating DbCommand for 'ExecuteReader'.
[2025-11-30 17:08:25 DBG] Created DbCommand for 'ExecuteReader' (3ms).
[2025-11-30 17:08:25 DBG] Initialized DbCommand for 'ExecuteReader' (9ms).
[2025-11-30 17:08:25 DBG] Executing DbCommand [Parameters=[], CommandType='"Text"', CommandTimeout='30']
SELECT "MigrationId", "ProductVersion"
FROM "__EFMigrationsHistory"
ORDER BY "MigrationId";
[2025-11-30 17:08:25 INF] Executed DbCommand (57ms) [Parameters=[], CommandType='"Text"', CommandTimeout='30']
SELECT "MigrationId", "ProductVersion"
FROM "__EFMigrationsHistory"
ORDER BY "MigrationId";
[2025-11-30 17:08:25 DBG] Closing data reader to 'neondb' on server 'tcp://ep-twilight-bread-a1papg93-pooler.ap-southeast-1.aws.neon.tech:5432'.
[2025-11-30 17:08:25 DBG] A data reader for 'neondb' on server 'tcp://ep-twilight-bread-a1papg93-pooler.ap-southeast-1.aws.neon.tech:5432' is being disposed after spending 6ms reading results.
[2025-11-30 17:08:25 INF] No migrations were applied. The database is already up to date.
[2025-11-30 17:08:25 DBG] Committing transaction.
[2025-11-30 17:08:25 DBG] Committed transaction.
[2025-11-30 17:08:25 DBG] Disposing transaction.
[2025-11-30 17:08:25 DBG] Closing connection to database 'neondb' on server 'tcp://ep-twilight-bread-a1papg93-pooler.ap-southeast-1.aws.neon.tech:5432'.
[2025-11-30 17:08:25 DBG] Closed connection to database 'neondb' on server 'tcp://ep-twilight-bread-a1papg93-pooler.ap-southeast-1.aws.neon.tech:5432' (5ms).
[2025-11-30 17:08:25 DBG] 'AppDbContext' disposed.
[2025-11-30 17:08:25 DBG] Disposing connection to database 'neondb' on server 'tcp://ep-twilight-bread-a1papg93-pooler.ap-southeast-1.aws.neon.tech:5432'.
[2025-11-30 17:08:25 DBG] Disposed connection to database 'neondb' on server 'tcp://ep-twilight-bread-a1papg93-pooler.ap-southeast-1.aws.neon.tech:5432' (6ms).
[2025-11-30 17:08:25 DBG] Registered model binder providers, in the following order: ["Microsoft.AspNetCore.Mvc.Versioning.ApiVersionModelBinderProvider","Microsoft.AspNetCore.Mvc.ModelBinding.Binders.BinderTypeModelBinderProvider","Microsoft.AspNetCore.Mvc.ModelBinding.Binders.ServicesModelBinderProvider","Microsoft.AspNetCore.Mvc.ModelBinding.Binders.BodyModelBinderProvider","Microsoft.AspNetCore.Mvc.ModelBinding.Binders.HeaderModelBinderProvider","Microsoft.AspNetCore.Mvc.ModelBinding.Binders.FloatingPointTypeModelBinderProvider","Microsoft.AspNetCore.Mvc.ModelBinding.Binders.EnumTypeModelBinderProvider","Microsoft.AspNetCore.Mvc.ModelBinding.Binders.DateTimeModelBinderProvider","Microsoft.AspNetCore.Mvc.ModelBinding.Binders.SimpleTypeModelBinderProvider","Microsoft.AspNetCore.Mvc.ModelBinding.Binders.TryParseModelBinderProvider","Microsoft.AspNetCore.Mvc.ModelBinding.Binders.CancellationTokenModelBinderProvider","Microsoft.AspNetCore.Mvc.ModelBinding.Binders.ByteArrayModelBinderProvider","Microsoft.AspNetCore.Mvc.ModelBinding.Binders.FormFileModelBinderProvider","Microsoft.AspNetCore.Mvc.ModelBinding.Binders.FormCollectionModelBinderProvider","Microsoft.AspNetCore.Mvc.ModelBinding.Binders.KeyValuePairModelBinderProvider","Microsoft.AspNetCore.Mvc.ModelBinding.Binders.DictionaryModelBinderProvider","Microsoft.AspNetCore.Mvc.ModelBinding.Binders.ArrayModelBinderProvider","Microsoft.AspNetCore.Mvc.ModelBinding.Binders.CollectionModelBinderProvider","Microsoft.AspNetCore.Mvc.ModelBinding.Binders.ComplexObjectModelBinderProvider"]
[2025-11-30 17:08:25 DBG] Hosting starting
[2025-11-30 17:08:25 INF] User profile is available. Using 'C:\Users\clare\AppData\Local\ASP.NET\DataProtection-Keys' as key repository and Windows DPAPI to encrypt keys at rest.
[2025-11-30 17:08:25 DBG] Reading data from file 'C:\Users\clare\AppData\Local\ASP.NET\DataProtection-Keys\key-966d47a0-d2b6-4669-99ae-5a43303ca1c1.xml'.
[2025-11-30 17:08:25 DBG] Found key {966d47a0-d2b6-4669-99ae-5a43303ca1c1}.
[2025-11-30 17:08:25 DBG] Considering key {966d47a0-d2b6-4669-99ae-5a43303ca1c1} with expiration date 2026-01-03 16:33:09Z as default key.
[2025-11-30 17:08:25 DBG] Forwarded activator type request from Microsoft.AspNetCore.DataProtection.XmlEncryption.DpapiXmlDecryptor, Microsoft.AspNetCore.DataProtection, Version=8.0.0.0, Culture=neutral, PublicKeyToken=adb9793829ddae60 to Microsoft.AspNetCore.DataProtection.XmlEncryption.DpapiXmlDecryptor, Microsoft.AspNetCore.DataProtection, Culture=neutral, PublicKeyToken=adb9793829ddae60
[2025-11-30 17:08:25 DBG] Decrypting secret element using Windows DPAPI.
[2025-11-30 17:08:25 DBG] Forwarded activator type request from Microsoft.AspNetCore.DataProtection.AuthenticatedEncryption.ConfigurationModel.AuthenticatedEncryptorDescriptorDeserializer, Microsoft.AspNetCore.DataProtection, Version=8.0.0.0, Culture=neutral, PublicKeyToken=adb9793829ddae60 to Microsoft.AspNetCore.DataProtection.AuthenticatedEncryption.ConfigurationModel.AuthenticatedEncryptorDescriptorDeserializer, Microsoft.AspNetCore.DataProtection, Culture=neutral, PublicKeyToken=adb9793829ddae60
[2025-11-30 17:08:25 DBG] Opening CNG algorithm 'AES' from provider 'null' with chaining mode CBC.
[2025-11-30 17:08:25 DBG] Opening CNG algorithm 'SHA256' from provider 'null' with HMAC.
[2025-11-30 17:08:25 DBG] Using key {966d47a0-d2b6-4669-99ae-5a43303ca1c1} as the default key.
[2025-11-30 17:08:25 DBG] Key ring with default key {966d47a0-d2b6-4669-99ae-5a43303ca1c1} was loaded during application startup.
[2025-11-30 17:08:25 INF] Now listening on: http://localhost:5178
[2025-11-30 17:08:25 DBG] Loaded hosting startup assembly PosterBoi
[2025-11-30 17:08:25 INF] Application started. Press Ctrl+C to shut down.
[2025-11-30 17:08:25 INF] Hosting environment: Development
[2025-11-30 17:08:25 INF] Content root path: C:\Users\clare\OneDrive\Documents\PosterBoi\PosterBoi
[2025-11-30 17:08:25 DBG] Hosting started
[2025-11-30 17:09:39 DBG] Config reload token fired. Checking for changes...
[2025-11-30 17:09:39 DBG] Config reload token fired. Checking for changes...
[2025-11-30 17:09:42 INF] Application is shutting down...
[2025-11-30 17:09:42 DBG] Hosting stopping
[2025-11-30 17:09:42 DBG] Hosting stopped
